0 info it worked if it ends with ok
1 verbose cli [ '/usr/local/bin/node', '/usr/local/bin/npm', 'run', 'server' ]
2 info using npm@2.15.8
3 info using node@v4.4.7
4 verbose run-script [ 'preserver', 'server', 'postserver' ]
5 info preserver web@1.0.0
6 info server web@1.0.0
7 verbose unsafe-perm in lifecycle true
8 info web@1.0.0 Failed to exec server script
9 verbose stack Error: web@1.0.0 server: `webpack-dev-server --content-base html  --hot --progress --colors`
9 verbose stack Exit status 1
9 verbose stack     at EventEmitter.<anonymous> (/usr/local/lib/node_modules/npm/lib/utils/lifecycle.js:217:16)
9 verbose stack     at emitTwo (events.js:87:13)
9 verbose stack     at EventEmitter.emit (events.js:172:7)
9 verbose stack     at ChildProcess.<anonymous> (/usr/local/lib/node_modules/npm/lib/utils/spawn.js:24:14)
9 verbose stack     at emitTwo (events.js:87:13)
9 verbose stack     at ChildProcess.emit (events.js:172:7)
9 verbose stack     at maybeClose (internal/child_process.js:827:16)
9 verbose stack     at Process.ChildProcess._handle.onexit (internal/child_process.js:211:5)
10 verbose pkgid web@1.0.0
11 verbose cwd /Users/zhoujingjie/codes/dev/web
12 error Darwin 14.5.0
13 error argv "/usr/local/bin/node" "/usr/local/bin/npm" "run" "server"
14 error node v4.4.7
15 error npm  v2.15.8
16 error code ELIFECYCLE
17 error web@1.0.0 server: `webpack-dev-server --content-base html  --hot --progress --colors`
17 error Exit status 1
18 error Failed at the web@1.0.0 server script 'webpack-dev-server --content-base html  --hot --progress --colors'.
18 error This is most likely a problem with the web package,
18 error not with npm itself.
18 error Tell the author that this fails on your system:
18 error     webpack-dev-server --content-base html  --hot --progress --colors
18 error You can get information on how to open an issue for this project with:
18 error     npm bugs web
18 error Or if that isn't available, you can get their info via:
18 error
18 error     npm owner ls web
18 error There is likely additional logging output above.
19 verbose exit [ 1, true ]
